<?xml version="1.0" encoding="UTF-8"?>
<!-- Generated by org.testng.reporters.JUnitReportReporter -->
<testsuite skipped="0" hostname="DESKTOP-OQEVBDR" name="com.actitime.scripts.LoginTest" tests="2" failures="0" timestamp="08 Apr 2020 18:00:25 GMT" time="30.599" errors="0">
  <testcase name="validLogin" time="16.214" classname="com.actitime.scripts.LoginTest"/>
  <testcase name="validLogin" time="14.385" classname="com.actitime.scripts.LoginTest"/>
</testsuite> <!-- com.actitime.scripts.LoginTest -->
